<?xml version="1.0" encoding="UTF-8"?>
<!-- Generated by org.testng.reporters.JUnitXMLReporter -->
<testsuite ignored="1" hostname="Yesh" failures="0" tests="1" name="Default test" time="2.966" errors="0" timestamp="2021-10-23T18:38:14 PDT">
  <testcase classname="com.qa.api.gorest.tests.GetUserTest" name="getAllUsersTest" time="2.938"/>
  <testcase classname="com.qa.api.gorest.tests.GetUserTest" name="getAllUsersWithParamsTest" time="0.0">
    <ignored/>
  </testcase> <!-- getAllUsersWithParamsTest -->
</testsuite> <!-- Default test -->
