<?xml version="1.0" encoding="UTF-8"?>
<!-- Generated by org.testng.reporters.JUnitXMLReporter -->
<testsuite ignored="0" hostname="Yesh" failures="0" tests="6" name="Verify Create user Rest API functionality" time="9.706" errors="0" timestamp="2021-10-24T15:29:28 PDT">
  <testcase classname="com.qa.api.gorest.tests.GetUserTest" name="getAllUsersTest" time="5.179"/>
  <testcase classname="com.qa.api.gorest.tests.CreateUserTest" name="createUserAPIPOSTTest" time="3.614"/>
  <testcase classname="com.qa.api.gorest.tests.CreateUserTest" name="createUserAPIPOSTTest" time="1.45"/>
  <testcase classname="com.qa.api.gorest.tests.GetUserTest" name="getAllUsersWithParamsTest" time="1.551"/>
  <testcase classname="com.qa.api.gorest.tests.CreateUserTest" name="createUserAPIPOSTTest" time="1.379"/>
  <testcase classname="com.qa.api.gorest.tests.CreateUserTest" name="createUserAPIPOSTTest" time="1.499"/>
</testsuite> <!-- Verify Create user Rest API functionality -->
